<?xml version="1.0" encoding="UTF-8"?>
<!-- Generated by org.testng.reporters.JUnitReportReporter -->
<testsuite hostname="user14" failures="0" tests="4" name="runners.GooglePageRunner" time="6.247" errors="4" timestamp="2024-11-20T09:18:34 IST" skipped="0">
  <testcase classname="runners.GooglePageRunner" name="runScenario" time="0.113">
    <error message="TODO: implement me" type="io.cucumber.java.PendingException">
      <![CDATA[io.cucumber.java.PendingException: TODO: implement me
at stepDefs.orderStepDef.user_is_on_login_page(orderStepDef.java:35)
at ✽.User is on Login Page(file:///C:/workspace/POMFramework/src/test/resources/feature/CRUD.feature:4)
]]>
    </error>
  </testcase> <!-- runScenario -->
  <system-out/>
  <testcase classname="runners.GooglePageRunner" name="runScenario" time="0.125">
    <error message="TODO: implement me" type="io.cucumber.java.PendingException">
      <![CDATA[io.cucumber.java.PendingException: TODO: implement me
at stepDefs.orderStepDef.user_is_on_login_page(orderStepDef.java:35)
at ✽.User is on Login Page(file:///C:/workspace/POMFramework/src/test/resources/feature/CRUD.feature:4)
]]>
    </error>
  </testcase> <!-- runScenario -->
  <system-out/>
  <testcase classname="runners.GooglePageRunner" name="runScenario" time="0.092">
    <error message="TODO: implement me" type="io.cucumber.java.PendingException">
      <![CDATA[io.cucumber.java.PendingException: TODO: implement me
at stepDefs.orderStepDef.user_is_on_login_page(orderStepDef.java:35)
at ✽.User is on Login Page(file:///C:/workspace/POMFramework/src/test/resources/feature/CRUD.feature:4)
]]>
    </error>
  </testcase> <!-- runScenario -->
  <system-out/>
  <testcase classname="runners.GooglePageRunner" name="runScenario" time="5.917">
    <error message="TODO: implement me" type="io.cucumber.java.PendingException">
      <![CDATA[io.cucumber.java.PendingException: TODO: implement me
at stepDefs.orderStepDef.user_is_on_login_page(orderStepDef.java:35)
at ✽.User is on Login Page(file:///C:/workspace/POMFramework/src/test/resources/feature/CRUD.feature:4)
]]>
    </error>
  </testcase> <!-- runScenario -->
  <system-out/>
</testsuite> <!-- runners.GooglePageRunner -->
