<?xml version="1.0" encoding="UTF-8"?>
<!-- Generated by org.testng.reporters.JUnitReportReporter -->
<testsuite hostname="user14" failures="0" tests="1" name="com.fly.test.ArticleTest" time="26.418" errors="0" timestamp="2024-11-20T09:57:07 IST" skipped="0">
  <testcase classname="com.fly.test.ArticleTest" name="validEditArticle" time="26.418"/>
  <system-out/>
</testsuite> <!-- com.fly.test.ArticleTest -->
